<?xml version="1.0" encoding="UTF-8"?>
<robot generator="Robot 3.0.4 (Python 3.6.4 on win32)" generated="20180927 08:46:45.410">
<suite id="s1" name="Amazon" source="C:\development\robot script\amazon_ver6\tests\amazon.robot">
<kw name="Insert Testing Data" library="Common" type="setup">
<kw name="Log" library="BuiltIn">
<doc>Logs the given message with the given level.</doc>
<arguments>
<arg>I am setting testing data ...</arg>
</arguments>
<msg timestamp="20180927 08:46:46.152" level="INFO">I am setting testing data ...</msg>
<status status="PASS" starttime="20180927 08:46:46.152" endtime="20180927 08:46:46.152"></status>
</kw>
<status status="PASS" starttime="20180927 08:46:46.152" endtime="20180927 08:46:46.152"></status>
</kw>
<test id="s1-t1" name="Logget out user should be asked to signin to check out">
<kw name="Begin Web Test" library="Common" type="setup">
<kw name="Open Browser" library="SeleniumLibrary">
<doc>Opens a new browser instance to the given ``url``.</doc>
<arguments>
<arg>about:blank</arg>
<arg>${BROWSER}</arg>
</arguments>
<msg timestamp="20180927 08:46:46.162" level="INFO">Opening browser 'ie' to base url 'about:blank'.</msg>
<status status="PASS" starttime="20180927 08:46:46.162" endtime="20180927 08:46:49.035"></status>
</kw>
<status status="PASS" starttime="20180927 08:46:46.162" endtime="20180927 08:46:49.035"></status>
</kw>
<kw name="Load Amazon Page" library="AmazonPO">
<kw name="Load" library="LandingPage">
<kw name="Go To" library="SeleniumLibrary">
<doc>Navigates the active browser instance to the provided ``url``.</doc>
<arguments>
<arg>${START_URL}</arg>
</arguments>
<msg timestamp="20180927 08:46:49.035" level="INFO">Opening url 'https://www.amazon.com'</msg>
<status status="PASS" starttime="20180927 08:46:49.035" endtime="20180927 08:46:54.882"></status>
</kw>
<status status="PASS" starttime="20180927 08:46:49.035" endtime="20180927 08:46:54.882"></status>
</kw>
<kw name="Veryfity Page Load" library="LandingPage">
<kw name="Wait Until Page Contains" library="SeleniumLibrary">
<doc>Waits until ``text`` appears on current page.</doc>
<arguments>
<arg>Your Amazon.com</arg>
</arguments>
<status status="PASS" starttime="20180927 08:46:54.882" endtime="20180927 08:46:55.118"></status>
</kw>
<status status="PASS" starttime="20180927 08:46:54.882" endtime="20180927 08:46:55.118"></status>
</kw>
<status status="PASS" starttime="20180927 08:46:49.035" endtime="20180927 08:46:55.118"></status>
</kw>
<kw name="Search for Product" library="AmazonPO">
<kw name="Search for Products" library="TopNav">
<kw name="Enter Search Term" library="TopNav">
<kw name="Input Text" library="SeleniumLibrary">
<doc>Types the given ``text`` into text field identified by ``locator``.</doc>
<arguments>
<arg>${TOP_NAV_SEARCH_BAR}</arg>
<arg>${SEARCH_TERM}</arg>
</arguments>
<msg timestamp="20180927 08:46:55.118" level="INFO">Typing text 'Ferrari 458 Italia Diecast Model Kit' into text field 'id=twotabsearchtextbox'.</msg>
<status status="PASS" starttime="20180927 08:46:55.118" endtime="20180927 08:46:57.300"></status>
</kw>
<status status="PASS" starttime="20180927 08:46:55.118" endtime="20180927 08:46:57.300"></status>
</kw>
<kw name="Submit Search" library="TopNav">
<kw name="Click Button" library="SeleniumLibrary">
<doc>Clicks button identified by ``locator``.</doc>
<arguments>
<arg>${TOP_NAV_SEARCH_BUTTON}</arg>
</arguments>
<msg timestamp="20180927 08:46:57.300" level="INFO">Clicking button 'xpath=//*[@id="nav-search"]/form/div[2]/div/input'.</msg>
<status status="PASS" starttime="20180927 08:46:57.300" endtime="20180927 08:47:05.664"></status>
</kw>
<status status="PASS" starttime="20180927 08:46:57.300" endtime="20180927 08:47:05.664"></status>
</kw>
<status status="PASS" starttime="20180927 08:46:55.118" endtime="20180927 08:47:05.664"></status>
</kw>
<kw name="Submit Search" library="TopNav">
<kw name="Click Button" library="SeleniumLibrary">
<doc>Clicks button identified by ``locator``.</doc>
<arguments>
<arg>${TOP_NAV_SEARCH_BUTTON}</arg>
</arguments>
<msg timestamp="20180927 08:47:05.664" level="INFO">Clicking button 'xpath=//*[@id="nav-search"]/form/div[2]/div/input'.</msg>
<status status="PASS" starttime="20180927 08:47:05.664" endtime="20180927 08:47:10.098"></status>
</kw>
<status status="PASS" starttime="20180927 08:47:05.664" endtime="20180927 08:47:10.098"></status>
</kw>
<kw name="Verify Search Completed" library="SearchResults">
<kw name="Wait Until Page Contains" library="SeleniumLibrary">
<doc>Waits until ``text`` appears on current page.</doc>
<arguments>
<arg>results for "${SEARCH_TERM}"</arg>
</arguments>
<status status="PASS" starttime="20180927 08:47:10.098" endtime="20180927 08:47:11.220"></status>
</kw>
<status status="PASS" starttime="20180927 08:47:10.098" endtime="20180927 08:47:11.220"></status>
</kw>
<status status="PASS" starttime="20180927 08:46:55.118" endtime="20180927 08:47:11.220"></status>
</kw>
<kw name="Select First Product from Search Result" library="AmazonPO">
<kw name="Click Product Link" library="SearchResults">
<doc>Clicks on the first product in the search results list</doc>
<kw name="Click Link" library="SeleniumLibrary">
<doc>Clicks a link identified by ``locator``.</doc>
<arguments>
<arg>css=#result_0 a.s-access-detail-page</arg>
</arguments>
<msg timestamp="20180927 08:47:11.220" level="INFO">Clicking link 'css=#result_0 a.s-access-detail-page'.</msg>
<status status="PASS" starttime="20180927 08:47:11.220" endtime="20180927 08:47:20.068"></status>
</kw>
<status status="PASS" starttime="20180927 08:47:11.220" endtime="20180927 08:47:20.068"></status>
</kw>
<kw name="Verify Page Loaded" library="Product">
<kw name="Wait Until Page Contains" library="SeleniumLibrary">
<doc>Waits until ``text`` appears on current page.</doc>
<arguments>
<arg>Back to search results</arg>
</arguments>
<status status="PASS" starttime="20180927 08:47:20.069" endtime="20180927 08:47:20.543"></status>
</kw>
<status status="PASS" starttime="20180927 08:47:20.069" endtime="20180927 08:47:20.543"></status>
</kw>
<status status="PASS" starttime="20180927 08:47:11.220" endtime="20180927 08:47:20.543"></status>
</kw>
<kw name="Add Product to Cart" library="AmazonPO">
<kw name="Add to Cart" library="Product">
<kw name="Click Button" library="SeleniumLibrary">
<doc>Clicks button identified by ``locator``.</doc>
<arguments>
<arg>id=add-to-cart-button</arg>
</arguments>
<msg timestamp="20180927 08:47:20.544" level="INFO">Clicking button 'id=add-to-cart-button'.</msg>
<status status="PASS" starttime="20180927 08:47:20.544" endtime="20180927 08:47:26.634"></status>
</kw>
<status status="PASS" starttime="20180927 08:47:20.544" endtime="20180927 08:47:26.634"></status>
</kw>
<kw name="Verify Product Added" library="Cart">
<kw name="Wait Until Page Contains" library="SeleniumLibrary">
<doc>Waits until ``text`` appears on current page.</doc>
<arguments>
<arg>Added to Cart</arg>
</arguments>
<status status="PASS" starttime="20180927 08:47:26.634" endtime="20180927 08:47:26.916"></status>
</kw>
<status status="PASS" starttime="20180927 08:47:26.634" endtime="20180927 08:47:26.916"></status>
</kw>
<status status="PASS" starttime="20180927 08:47:20.544" endtime="20180927 08:47:26.916"></status>
</kw>
<kw name="Begin Checkout" library="AmazonPO">
<kw name="Proceed to Checkout" library="Cart">
<kw name="Click Link" library="SeleniumLibrary">
<doc>Clicks a link identified by ``locator``.</doc>
<arguments>
<arg>id=hlb-ptc-btn-native</arg>
</arguments>
<msg timestamp="20180927 08:47:26.916" level="INFO">Clicking link 'id=hlb-ptc-btn-native'.</msg>
<status status="PASS" starttime="20180927 08:47:26.916" endtime="20180927 08:47:30.220"></status>
</kw>
<status status="PASS" starttime="20180927 08:47:26.916" endtime="20180927 08:47:30.220"></status>
</kw>
<kw name="Verify Page Loaded" library="SignIn">
<kw name="Page Should Contain Element" library="SeleniumLibrary">
<doc>Verifies that element ``locator`` is found on the current page.</doc>
<arguments>
<arg>${SIGNIN_MAIN_HEADING}</arg>
</arguments>
<msg timestamp="20180927 08:47:30.430" level="INFO">Current page contains element 'xpath=//*[@id="authportal-main-section"]/div[2]/div/div[1]/form/div/div/div/h1'.</msg>
<status status="PASS" starttime="20180927 08:47:30.220" endtime="20180927 08:47:30.430"></status>
</kw>
<kw name="Element Text Should Be" library="SeleniumLibrary">
<doc>Verifies that element ``locator`` contains exact text ``expected``.</doc>
<arguments>
<arg>${SIGNIN_MAIN_HEADING}</arg>
<arg>Sign in</arg>
</arguments>
<msg timestamp="20180927 08:47:30.430" level="INFO">Verifying element 'xpath=//*[@id="authportal-main-section"]/div[2]/div/div[1]/form/div/div/div/h1' contains exact text 'Sign in'.</msg>
<status status="PASS" starttime="20180927 08:47:30.430" endtime="20180927 08:47:30.958"></status>
</kw>
<status status="PASS" starttime="20180927 08:47:30.220" endtime="20180927 08:47:30.958"></status>
</kw>
<status status="PASS" starttime="20180927 08:47:26.916" endtime="20180927 08:47:30.958"></status>
</kw>
<kw name="Login" library="AmazonPO">
<arguments>
<arg>${LOGIN_EMAIL}</arg>
<arg>${LOGIN_PASSWORD}</arg>
</arguments>
<kw name="Log In With Valid Credentials" library="SignIn">
<arguments>
<arg>${Username}</arg>
<arg>${Password}</arg>
</arguments>
<kw name="Fill &quot;Email&quot; Fild" library="SignIn">
<arguments>
<arg>${Username}</arg>
</arguments>
<kw name="Log" library="BuiltIn">
<doc>Logs the given message with the given level.</doc>
<arguments>
<arg>Filling Email field with ${Username}</arg>
</arguments>
<msg timestamp="20180927 08:47:30.958" level="INFO">Filling Email field with szymon.adamus@gmail.com</msg>
<status status="PASS" starttime="20180927 08:47:30.958" endtime="20180927 08:47:30.968"></status>
</kw>
<kw name="Input Text" library="SeleniumLibrary">
<doc>Types the given ``text`` into text field identified by ``locator``.</doc>
<arguments>
<arg>id=ap_email</arg>
<arg>${Username}</arg>
</arguments>
<msg timestamp="20180927 08:47:30.968" level="INFO">Typing text 'szymon.adamus@gmail.com' into text field 'id=ap_email'.</msg>
<status status="PASS" starttime="20180927 08:47:30.968" endtime="20180927 08:47:32.806"></status>
</kw>
<status status="PASS" starttime="20180927 08:47:30.958" endtime="20180927 08:47:32.806"></status>
</kw>
<kw name="Click &quot;Sign In&quot; Button" library="SignIn">
<kw name="Log" library="BuiltIn">
<doc>Logs the given message with the given level.</doc>
<arguments>
<arg>Clicking Submit Button</arg>
</arguments>
<msg timestamp="20180927 08:47:32.806" level="INFO">Clicking Submit Button</msg>
<status status="PASS" starttime="20180927 08:47:32.806" endtime="20180927 08:47:32.806"></status>
</kw>
<kw name="Click Button" library="SeleniumLibrary">
<doc>Clicks button identified by ``locator``.</doc>
<arguments>
<arg>continue</arg>
</arguments>
<msg timestamp="20180927 08:47:32.806" level="INFO">Clicking button 'continue'.</msg>
<status status="PASS" starttime="20180927 08:47:32.806" endtime="20180927 08:47:36.495"></status>
</kw>
<status status="PASS" starttime="20180927 08:47:32.806" endtime="20180927 08:47:36.496"></status>
</kw>
<kw name="Fill &quot;Password&quot; Fild" library="SignIn">
<arguments>
<arg>${Password}</arg>
</arguments>
<kw name="Log" library="BuiltIn">
<doc>Logs the given message with the given level.</doc>
<arguments>
<arg>Filling Password field with ${Password}</arg>
</arguments>
<msg timestamp="20180927 08:47:36.499" level="INFO">Filling Password field with myPassword1</msg>
<status status="PASS" starttime="20180927 08:47:36.498" endtime="20180927 08:47:36.499"></status>
</kw>
<kw name="Input Text" library="SeleniumLibrary">
<doc>Types the given ``text`` into text field identified by ``locator``.</doc>
<arguments>
<arg>id=ap_password</arg>
<arg>${Password}</arg>
</arguments>
<msg timestamp="20180927 08:47:36.500" level="INFO">Typing text 'myPassword1' into text field 'id=ap_password'.</msg>
<status status="PASS" starttime="20180927 08:47:36.499" endtime="20180927 08:47:37.811"></status>
</kw>
<kw name="Click Button" library="SeleniumLibrary">
<doc>Clicks button identified by ``locator``.</doc>
<arguments>
<arg>signInSubmit</arg>
</arguments>
<msg timestamp="20180927 08:47:37.811" level="INFO">Clicking button 'signInSubmit'.</msg>
<status status="PASS" starttime="20180927 08:47:37.811" endtime="20180927 08:47:43.609"></status>
</kw>
<status status="PASS" starttime="20180927 08:47:36.496" endtime="20180927 08:47:43.609"></status>
</kw>
<status status="PASS" starttime="20180927 08:47:30.958" endtime="20180927 08:47:43.610"></status>
</kw>
<status status="PASS" starttime="20180927 08:47:30.958" endtime="20180927 08:47:43.610"></status>
</kw>
<kw name="End Web Test" library="Common" type="teardown">
<kw name="Close Browser" library="SeleniumLibrary">
<doc>Closes the current browser.</doc>
<status status="PASS" starttime="20180927 08:47:43.613" endtime="20180927 08:47:46.791"></status>
</kw>
<status status="PASS" starttime="20180927 08:47:43.611" endtime="20180927 08:47:46.791"></status>
</kw>
<doc>This is some basic info about the test</doc>
<tags>
<tag>Current</tag>
</tags>
<status status="PASS" starttime="20180927 08:46:46.152" endtime="20180927 08:47:46.791" critical="yes"></status>
</test>
<kw name="Cleanup Testing Data" library="Common" type="teardown">
<kw name="Log" library="BuiltIn">
<doc>Logs the given message with the given level.</doc>
<arguments>
<arg>I am cleaning up testing data ...</arg>
</arguments>
<msg timestamp="20180927 08:47:46.801" level="INFO">I am cleaning up testing data ...</msg>
<status status="PASS" starttime="20180927 08:47:46.801" endtime="20180927 08:47:46.801"></status>
</kw>
<status status="PASS" starttime="20180927 08:47:46.801" endtime="20180927 08:47:46.801"></status>
</kw>
<doc>This is some basic info about the whole suite</doc>
<status status="PASS" starttime="20180927 08:46:45.420" endtime="20180927 08:47:46.801"></status>
</suite>
<statistics>
<total>
<stat pass="1" fail="0">Critical Tests</stat>
<stat pass="1" fail="0">All Tests</stat>
</total>
<tag>
<stat pass="1" fail="0">Current</stat>
</tag>
<suite>
<stat pass="1" fail="0" id="s1" name="Amazon">Amazon</stat>
</suite>
</statistics>
<errors>
</errors>
</robot>
